Start testing: Sep 07 14:16 EDT
----------------------------------------------------------
1/1 Testing: unittests
1/1 Test: unittests
Command: "/Users/sethbalodi/CODE/Dev/PROGRAMMING/C++/VTScript/_build/unittests"
Directory: /Users/sethbalodi/CODE/Dev/PROGRAMMING/C++/VTScript/_build
"unittests" start time: Sep 07 14:16 EDT
Output:
----------------------------------------------------------
(15)
(200)
(50)
 hello : 1 pi : 0
 hello : 0 pi : 3.14159(True)
(False)
(4)
(3.14159)
(3)
(6)
(21)
(4)
(-4)
(42)
(42)
(20)
(2)
(43)
(True)
(True)
(True)
(True)
(True)
(True)
(True)
(False)
(False)
(False)
(False)
(False)
(False)
(False)
(-1)
(-1)
(-1)
(-1)
(-1)
(-1)
(-1)
(-1)
(False)
(True)
(True)
(False)
(False)
(False)
(False)
(True)
(True)
(True)
(False)
(True)

~~~~~~~~~~~~~~~~~~~~~~~~~~~~~~~~~~~~~~~~~~~~~~~~~~~~~~~~~~~~~~~~~~~~~~~~~~~~~~~
unittests is a Catch v1.5.4 host application.
Run with -? for options

-------------------------------------------------------------------------------
Test file tests/test0.vts
-------------------------------------------------------------------------------
/Users/sethbalodi/CODE/project1-shashwb/test_interpreter.cpp:332
...............................................................................

/Users/sethbalodi/CODE/project1-shashwb/test_interpreter.cpp:337: FAILED:
  REQUIRE( ifs.good() == true )
with expansion:
  false == true

-------------------------------------------------------------------------------
Test syntactically INCORRECT files
-------------------------------------------------------------------------------
/Users/sethbalodi/CODE/project1-shashwb/test_interpreter.cpp:345
...............................................................................

/Users/sethbalodi/CODE/project1-shashwb/test_interpreter.cpp:350: FAILED:
  REQUIRE( ifs.good() == true )
with expansion:
  false == true

===============================================================================
test cases:  31 |  29 passed | 2 failed
assertions: 216 | 214 passed | 2 failed

<end of output>
Test time =   0.02 sec
----------------------------------------------------------
Test Failed.
"unittests" end time: Sep 07 14:16 EDT
"unittests" time elapsed: 00:00:00
----------------------------------------------------------

End testing: Sep 07 14:16 EDT
