Start testing: Sep 07 13:10 EDT
----------------------------------------------------------
1/1 Testing: unittests
1/1 Test: unittests
Command: "/Users/sethbalodi/Desktop/VTScript/_build/unittests"
Directory: /Users/sethbalodi/Desktop/VTScript/_build
"unittests" start time: Sep 07 13:10 EDT
Output:
----------------------------------------------------------
(15)
(200)
(50)
 hello : 1 pi : 0
 hello : 0 pi : 3.14159(True)
(False)
(4)
(3.14159)
(3)
(6)
(21)
(4)
(-4)
(42)
(42)
(20)
(2)
(43)
(True)
(True)
(True)
(True)
(True)
(True)
(True)
(False)
(False)
(False)
(False)
(False)
(False)
(False)
(-1)
(-1)
(-1)
(-1)
(-1)
(-1)
(-1)
(-1)
(False)
(True)
(True)
(False)
(False)
(False)
(False)
(True)
(True)
(True)
(False)
(True)
===============================================================================
All tests passed (218 assertions in 31 test cases)

<end of output>
Test time =   0.01 sec
----------------------------------------------------------
Test Passed.
"unittests" end time: Sep 07 13:10 EDT
"unittests" time elapsed: 00:00:00
----------------------------------------------------------

End testing: Sep 07 13:10 EDT
